-------------------------------------------------------------------------------
Test set: TestSuite
-------------------------------------------------------------------------------
Tests run: 4, Failures: 1, Errors: 0, Skipped: 0, Time elapsed: 64.231 s <<< FAILURE! - in TestSuite
academy.LoginPageTest.loginPageTitle  Time elapsed: 3.797 s  <<< FAILURE!
java.lang.AssertionError: expected [true] but found [false]
	at academy.LoginPageTest.loginPageTitle(LoginPageTest.java:32)

